<?xml version="1.0" encoding="UTF-8"?>
<!-- Generated by org.testng.reporters.JUnitXMLReporter -->
<testsuite ignored="1" hostname="MdThalha" failures="0" tests="3" name="Test" time="0.118" errors="0" timestamp="2022-02-13T21:49:03 IST">
  <testcase classname="TestNg.com.Ignore_Concept" name="facebook" time="0.022"/>
  <testcase classname="TestNg.com.Ignore_Concept" name="spotify" time="0.004"/>
  <testcase classname="TestNg.com.Ignore_Concept" name="wynk" time="0.006"/>
  <testcase classname="TestNg.com.Ignore_Concept" name="whatsapp" time="0.0">
    <ignored/>
  </testcase> <!-- whatsapp -->
</testsuite> <!-- Test -->
