<?xml version="1.0" encoding="UTF-8"?>
<testng-results ignored="1" total="4" passed="3" failed="0" skipped="0">
  <reporter-output>
  </reporter-output>
  <suite started-at="2022-02-13T21:49:03 IST" name="Suite" finished-at="2022-02-13T21:49:03 IST" duration-ms="118">
    <groups>
    </groups>
    <test started-at="2022-02-13T21:49:03 IST" name="Test" finished-at="2022-02-13T21:49:03 IST" duration-ms="118">
      <class name="TestNg.com.Ignore_Concept">
        <test-method signature="facebook()[pri:0, instance:TestNg.com.Ignore_Concept@6a84a97d]" started-at="2022-02-13T21:49:03 IST" name="facebook" finished-at="2022-02-13T21:49:03 IST" duration-ms="22" status="PASS">
          <reporter-output>
          </reporter-output>
        </test-method> <!-- facebook -->
        <test-method signature="spotify()[pri:0, instance:TestNg.com.Ignore_Concept@6a84a97d]" started-at="2022-02-13T21:49:03 IST" name="spotify" finished-at="2022-02-13T21:49:03 IST" duration-ms="4" status="PASS">
          <reporter-output>
          </reporter-output>
        </test-method> <!-- spotify -->
        <test-method signature="wynk()[pri:0, instance:TestNg.com.Ignore_Concept@6a84a97d]" started-at="2022-02-13T21:49:03 IST" name="wynk" finished-at="2022-02-13T21:49:03 IST" duration-ms="6" status="PASS">
          <reporter-output>
          </reporter-output>
        </test-method> <!-- wynk -->
      </class> <!-- TestNg.com.Ignore_Concept -->
    </test> <!-- Test -->
  </suite> <!-- Suite -->
</testng-results>
